2018-01-24 11:03:23.294  INFO 10892 --- [main] org.great.App                            : Starting App on USER-20170315SP with PID 10892 (G:\myecplise\personal\target\classes started by Administrator in G:\myecplise\personal)
2018-01-24 11:03:23.351  INFO 10892 --- [main] org.great.App                            : No active profile set, falling back to default profiles: default
2018-01-24 11:03:26.803  INFO 10892 --- [main] o.g.d.DynamicDataSourceRegister          : Dynamic DataSource Registry
2018-01-24 11:03:33.006  INFO 10892 --- [main] o.apache.catalina.core.StandardService   : Starting service Tomcat
2018-01-24 11:03:33.009  INFO 10892 --- [main] org.apache.catalina.core.StandardEngine  : Starting Servlet Engine: Apache Tomcat/8.5.5
2018-01-24 11:03:33.892  INFO 10892 --- [localhost-startStop-1] org.apache.jasper.servlet.TldScanner     : At least one JAR was scanned for TLDs yet contained no TLDs. Enable debug logging for this logger for a complete list of JARs that were scanned but no TLDs were found in them. Skipping unneeded JARs during scanning can improve startup time and JSP compilation time.
2018-01-24 11:03:33.945  INFO 10892 --- [localhost-startStop-1] o.a.c.c.C.[.[localhost].[/PersonTool]    : Initializing Spring embedded WebApplicationContext
2018-01-24 11:03:35.209  INFO 10892 --- [main] o.hibernate.jpa.internal.util.LogHelper  : HHH000204: Processing PersistenceUnitInfo [
	name: default
	...]
2018-01-24 11:03:35.426  INFO 10892 --- [main] org.hibernate.Version                    : HHH000412: Hibernate Core {5.0.11.Final}
2018-01-24 11:03:35.428  INFO 10892 --- [main] org.hibernate.cfg.Environment            : HHH000206: hibernate.properties not found
2018-01-24 11:03:35.431  INFO 10892 --- [main] org.hibernate.cfg.Environment            : HHH000021: Bytecode provider name : javassist
2018-01-24 11:03:35.736  INFO 10892 --- [main] o.hibernate.annotations.common.Version   : HCANN000001: Hibernate Commons Annotations {5.0.1.Final}
2018-01-24 11:03:38.148  INFO 10892 --- [main] org.hibernate.dialect.Dialect            : HHH000400: Using dialect: org.hibernate.dialect.MySQL5Dialect
2018-01-24 11:03:38.604  INFO 10892 --- [main] org.hibernate.tool.hbm2ddl.SchemaUpdate  : HHH000228: Running hbm2ddl schema update
2018-01-24 11:03:39.913  INFO 10892 --- [main] org.great.cache.RedisConfig              : init JredisPool ...
2018-01-24 11:03:39.952  WARN 10892 --- [main] f.a.AutowiredAnnotationBeanPostProcessor : Autowired annotation is not supported on static fields: protected static java.util.Map org.great.web.controller.test.FileUpload2.map
2018-01-24 11:03:46.081  WARN 10892 --- [main] o.s.b.a.f.FreeMarkerAutoConfiguration    : Cannot find template location(s): [classpath:/templates/] (please add some templates, check your FreeMarker configuration, or set spring.freemarker.checkTemplateLocation=false)
2018-01-24 11:03:47.246  WARN 10892 --- [main] o.s.b.a.v.VelocityAutoConfiguration      : Cannot find template location: classpath:/templates/ (please add some templates, check your Velocity configuration, or set spring.velocity.checkTemplateLocation=false)
2018-01-24 11:03:47.350  WARN 10892 --- [main] arterDeprecationWarningAutoConfiguration : spring-boot-starter-redis is deprecated as of Spring Boot 1.4, please migrate to spring-boot-starter-data-redis
2018-01-24 11:03:47.958  INFO 10892 --- [main] org.great.App                            : Started App in 25.648 seconds (JVM running for 28.011)
2018-01-24 11:04:00.311  INFO 10892 --- [http-nio-8081-exec-1] o.apache.tomcat.util.http.parser.Cookie  : A cookie header was received [1516063020,1516151448,1516755645; Hm_lpvt_82116c626a8d504a5c0675073362ef6f=1516755775] that contained an invalid cookie. That cookie will be ignored.Note: further occurrences of this error will be logged at DEBUG level.
2018-01-24 11:04:00.324  INFO 10892 --- [http-nio-8081-exec-1] o.a.c.c.C.[.[localhost].[/PersonTool]    : Initializing Spring FrameworkServlet 'dispatcherServlet'
2018-01-24 11:04:01.026 ERROR 10892 --- [http-nio-8081-exec-1] org.apache.velocity                      : ResourceManager : unable to find resource 'newjsp/login.vm' in any resource loader.
2018-01-24 11:04:07.576  INFO 10892 --- [http-nio-8081-exec-6] net.sf.json.JSONObject                   : Property 'queryDate' of class org.great.web.bean.sys.User has no read method. SKIPPED
2018-01-24 11:04:07.577  INFO 10892 --- [http-nio-8081-exec-6] net.sf.json.JSONObject                   : Property 'pageInfo' of class org.great.web.bean.sys.User has no read method. SKIPPED
2018-01-24 11:04:07.594  INFO 10892 --- [http-nio-8081-exec-6] net.sf.json.JSONObject                   : Property 'permlist' of class org.great.web.bean.sys.User has no write method. SKIPPED.
2018-01-24 11:04:07.669  INFO 10892 --- [http-nio-8081-exec-6] org.great.web.controller.BaseContoller   : 对用户[]进行登录验证..验证开始
2018-01-24 11:04:08.041  INFO 10892 --- [http-nio-8081-exec-6] org.great.web.controller.BaseContoller   : 对用户[]进行登录验证..验证通过
2018-01-24 11:04:08.044  INFO 10892 --- [http-nio-8081-exec-6] org.great.web.controller.BaseContoller   : 用户[]登录认证通过(这里可以进行一些认证通过后的一些系统参数初始化操作)
2018-01-24 11:04:08.154 ERROR 10892 --- [http-nio-8081-exec-7] org.apache.velocity                      : ResourceManager : unable to find resource 'newjsp/main.vm' in any resource loader.
2018-01-24 11:04:08.805  INFO 10892 --- [http-nio-8081-exec-2] org.apache.shiro.realm.AuthorizingRealm  : No cache or cacheManager properties have been set.  Authorization cache cannot be obtained.
2018-01-24 11:04:08.902 ERROR 10892 --- [http-nio-8081-exec-2] org.apache.velocity                      : ResourceManager : unable to find resource 'jsp/weberror/weberror.vm' in any resource loader.
2018-01-24 11:04:14.511  INFO 10892 --- [http-nio-8081-exec-3] org.apache.shiro.realm.AuthorizingRealm  : No cache or cacheManager properties have been set.  Authorization cache cannot be obtained.
2018-01-24 11:04:14.578 ERROR 10892 --- [http-nio-8081-exec-3] org.apache.velocity                      : ResourceManager : unable to find resource 'newjsp/buz/linkman-list.vm' in any resource loader.
2018-01-24 11:04:14.763  INFO 10892 --- [http-nio-8081-exec-3] org.apache.shiro.realm.AuthorizingRealm  : No cache or cacheManager properties have been set.  Authorization cache cannot be obtained.
2018-01-24 11:04:14.764  INFO 10892 --- [http-nio-8081-exec-3] org.apache.shiro.realm.AuthorizingRealm  : No cache or cacheManager properties have been set.  Authorization cache cannot be obtained.
2018-01-24 11:04:14.764  INFO 10892 --- [http-nio-8081-exec-3] org.apache.shiro.realm.AuthorizingRealm  : No cache or cacheManager properties have been set.  Authorization cache cannot be obtained.
2018-01-24 11:04:14.764  INFO 10892 --- [http-nio-8081-exec-3] org.apache.shiro.realm.AuthorizingRealm  : No cache or cacheManager properties have been set.  Authorization cache cannot be obtained.
2018-01-24 11:04:14.961  INFO 10892 --- [http-nio-8081-exec-6] org.apache.shiro.realm.AuthorizingRealm  : No cache or cacheManager properties have been set.  Authorization cache cannot be obtained.
2018-01-24 11:04:45.327  INFO 10892 --- [http-nio-8081-exec-9] org.apache.shiro.realm.AuthorizingRealm  : No cache or cacheManager properties have been set.  Authorization cache cannot be obtained.
2018-01-24 11:04:45.404 ERROR 10892 --- [http-nio-8081-exec-9] org.apache.velocity                      : ResourceManager : unable to find resource 'newjsp/sys/role-list.vm' in any resource loader.
2018-01-24 11:04:45.615  INFO 10892 --- [http-nio-8081-exec-9] org.apache.shiro.realm.AuthorizingRealm  : No cache or cacheManager properties have been set.  Authorization cache cannot be obtained.
2018-01-24 11:04:45.616  INFO 10892 --- [http-nio-8081-exec-9] org.apache.shiro.realm.AuthorizingRealm  : No cache or cacheManager properties have been set.  Authorization cache cannot be obtained.
2018-01-24 11:04:45.616  INFO 10892 --- [http-nio-8081-exec-9] org.apache.shiro.realm.AuthorizingRealm  : No cache or cacheManager properties have been set.  Authorization cache cannot be obtained.
2018-01-24 11:04:45.617  INFO 10892 --- [http-nio-8081-exec-9] org.apache.shiro.realm.AuthorizingRealm  : No cache or cacheManager properties have been set.  Authorization cache cannot be obtained.
2018-01-24 11:04:45.993  INFO 10892 --- [http-nio-8081-exec-1] org.apache.shiro.realm.AuthorizingRealm  : No cache or cacheManager properties have been set.  Authorization cache cannot be obtained.
2018-01-24 11:04:46.000  INFO 10892 --- [http-nio-8081-exec-1] net.sf.json.JSONObject                   : Property 'pageInfo' of class org.great.web.bean.sys.SysRole has no read method. SKIPPED
2018-01-24 11:04:46.001  INFO 10892 --- [http-nio-8081-exec-1] net.sf.json.JSONObject                   : Property 'queryDate' of class org.great.web.bean.sys.SysRole has no read method. SKIPPED
2018-01-24 11:04:46.972  INFO 10892 --- [http-nio-8081-exec-10] org.apache.shiro.realm.AuthorizingRealm  : No cache or cacheManager properties have been set.  Authorization cache cannot be obtained.
2018-01-24 11:04:47.032 ERROR 10892 --- [http-nio-8081-exec-10] org.apache.velocity                      : ResourceManager : unable to find resource 'newjsp/sys/user-list.vm' in any resource loader.
2018-01-24 11:04:47.226  INFO 10892 --- [http-nio-8081-exec-10] org.apache.shiro.realm.AuthorizingRealm  : No cache or cacheManager properties have been set.  Authorization cache cannot be obtained.
2018-01-24 11:04:47.227  INFO 10892 --- [http-nio-8081-exec-10] org.apache.shiro.realm.AuthorizingRealm  : No cache or cacheManager properties have been set.  Authorization cache cannot be obtained.
2018-01-24 11:04:47.228  INFO 10892 --- [http-nio-8081-exec-10] org.apache.shiro.realm.AuthorizingRealm  : No cache or cacheManager properties have been set.  Authorization cache cannot be obtained.
2018-01-24 11:04:47.228  INFO 10892 --- [http-nio-8081-exec-10] org.apache.shiro.realm.AuthorizingRealm  : No cache or cacheManager properties have been set.  Authorization cache cannot be obtained.
2018-01-24 11:04:47.228  INFO 10892 --- [http-nio-8081-exec-10] org.apache.shiro.realm.AuthorizingRealm  : No cache or cacheManager properties have been set.  Authorization cache cannot be obtained.
2018-01-24 11:04:47.509  INFO 10892 --- [http-nio-8081-exec-4] org.apache.shiro.realm.AuthorizingRealm  : No cache or cacheManager properties have been set.  Authorization cache cannot be obtained.
2018-01-24 11:04:47.510  INFO 10892 --- [http-nio-8081-exec-4] net.sf.json.JSONObject                   : Property 'queryDate' of class org.great.web.bean.sys.User has no read method. SKIPPED
2018-01-24 11:04:47.512  INFO 10892 --- [http-nio-8081-exec-4] net.sf.json.JSONObject                   : Property 'pageInfo' of class org.great.web.bean.sys.User has no read method. SKIPPED
2018-01-24 11:04:47.516  INFO 10892 --- [http-nio-8081-exec-4] net.sf.json.JSONObject                   : Property 'permlist' of class org.great.web.bean.sys.User has no write method. SKIPPED.
2018-01-24 11:04:50.310  INFO 10892 --- [http-nio-8081-exec-3] org.apache.shiro.realm.AuthorizingRealm  : No cache or cacheManager properties have been set.  Authorization cache cannot be obtained.
2018-01-24 11:04:50.319 ERROR 10892 --- [http-nio-8081-exec-3] org.apache.velocity                      : ResourceManager : unable to find resource 'newjsp/buz/linkman-list.vm' in any resource loader.
2018-01-24 11:04:50.326  INFO 10892 --- [http-nio-8081-exec-3] org.apache.shiro.realm.AuthorizingRealm  : No cache or cacheManager properties have been set.  Authorization cache cannot be obtained.
2018-01-24 11:04:50.327  INFO 10892 --- [http-nio-8081-exec-3] org.apache.shiro.realm.AuthorizingRealm  : No cache or cacheManager properties have been set.  Authorization cache cannot be obtained.
2018-01-24 11:04:50.329  INFO 10892 --- [http-nio-8081-exec-3] org.apache.shiro.realm.AuthorizingRealm  : No cache or cacheManager properties have been set.  Authorization cache cannot be obtained.
2018-01-24 11:04:50.330  INFO 10892 --- [http-nio-8081-exec-3] org.apache.shiro.realm.AuthorizingRealm  : No cache or cacheManager properties have been set.  Authorization cache cannot be obtained.
2018-01-24 11:04:50.673  INFO 10892 --- [http-nio-8081-exec-6] org.apache.shiro.realm.AuthorizingRealm  : No cache or cacheManager properties have been set.  Authorization cache cannot be obtained.
2018-01-24 11:06:14.865 ERROR 10892 --- [http-nio-8081-exec-10] org.apache.velocity                      : ResourceManager : unable to find resource 'newjsp/main.vm' in any resource loader.
2018-01-24 11:06:15.161  INFO 10892 --- [http-nio-8081-exec-2] org.apache.shiro.realm.AuthorizingRealm  : No cache or cacheManager properties have been set.  Authorization cache cannot be obtained.
2018-01-24 11:06:15.168 ERROR 10892 --- [http-nio-8081-exec-2] org.apache.velocity                      : ResourceManager : unable to find resource 'jsp/weberror/weberror.vm' in any resource loader.
2018-01-24 11:06:18.470  INFO 10892 --- [http-nio-8081-exec-3] org.apache.shiro.realm.AuthorizingRealm  : No cache or cacheManager properties have been set.  Authorization cache cannot be obtained.
2018-01-24 11:06:18.478 ERROR 10892 --- [http-nio-8081-exec-3] org.apache.velocity                      : ResourceManager : unable to find resource 'newjsp/buz/linkman-list.vm' in any resource loader.
2018-01-24 11:06:18.678  INFO 10892 --- [http-nio-8081-exec-3] org.apache.shiro.realm.AuthorizingRealm  : No cache or cacheManager properties have been set.  Authorization cache cannot be obtained.
2018-01-24 11:06:18.679  INFO 10892 --- [http-nio-8081-exec-3] org.apache.shiro.realm.AuthorizingRealm  : No cache or cacheManager properties have been set.  Authorization cache cannot be obtained.
2018-01-24 11:06:18.679  INFO 10892 --- [http-nio-8081-exec-3] org.apache.shiro.realm.AuthorizingRealm  : No cache or cacheManager properties have been set.  Authorization cache cannot be obtained.
2018-01-24 11:06:18.679  INFO 10892 --- [http-nio-8081-exec-3] org.apache.shiro.realm.AuthorizingRealm  : No cache or cacheManager properties have been set.  Authorization cache cannot be obtained.
2018-01-24 11:06:19.116  INFO 10892 --- [http-nio-8081-exec-6] org.apache.shiro.realm.AuthorizingRealm  : No cache or cacheManager properties have been set.  Authorization cache cannot be obtained.
2018-01-24 11:06:36.751 ERROR 10892 --- [http-nio-8081-exec-7] org.apache.velocity                      : ResourceManager : unable to find resource 'newjsp/main.vm' in any resource loader.
2018-01-24 11:06:37.079  INFO 10892 --- [http-nio-8081-exec-8] org.apache.shiro.realm.AuthorizingRealm  : No cache or cacheManager properties have been set.  Authorization cache cannot be obtained.
2018-01-24 11:06:37.084 ERROR 10892 --- [http-nio-8081-exec-8] org.apache.velocity                      : ResourceManager : unable to find resource 'jsp/weberror/weberror.vm' in any resource loader.
2018-01-24 11:06:39.127  INFO 10892 --- [http-nio-8081-exec-1] org.apache.shiro.realm.AuthorizingRealm  : No cache or cacheManager properties have been set.  Authorization cache cannot be obtained.
2018-01-24 11:06:39.212 ERROR 10892 --- [http-nio-8081-exec-1] org.apache.velocity                      : ResourceManager : unable to find resource 'newjsp/sys/menu-list.vm' in any resource loader.
2018-01-24 11:06:39.379  INFO 10892 --- [http-nio-8081-exec-1] org.apache.shiro.realm.AuthorizingRealm  : No cache or cacheManager properties have been set.  Authorization cache cannot be obtained.
2018-01-24 11:06:39.380  INFO 10892 --- [http-nio-8081-exec-1] org.apache.shiro.realm.AuthorizingRealm  : No cache or cacheManager properties have been set.  Authorization cache cannot be obtained.
2018-01-24 11:06:39.380  INFO 10892 --- [http-nio-8081-exec-1] org.apache.shiro.realm.AuthorizingRealm  : No cache or cacheManager properties have been set.  Authorization cache cannot be obtained.
2018-01-24 11:06:39.380  INFO 10892 --- [http-nio-8081-exec-1] org.apache.shiro.realm.AuthorizingRealm  : No cache or cacheManager properties have been set.  Authorization cache cannot be obtained.
2018-01-24 11:06:39.381  INFO 10892 --- [http-nio-8081-exec-1] org.apache.shiro.realm.AuthorizingRealm  : No cache or cacheManager properties have been set.  Authorization cache cannot be obtained.
2018-01-24 11:06:40.403  INFO 10892 --- [http-nio-8081-exec-3] org.apache.shiro.realm.AuthorizingRealm  : No cache or cacheManager properties have been set.  Authorization cache cannot be obtained.
2018-01-24 11:06:40.407 ERROR 10892 --- [http-nio-8081-exec-3] org.apache.velocity                      : ResourceManager : unable to find resource 'newjsp/sys/user-list.vm' in any resource loader.
2018-01-24 11:06:40.416  INFO 10892 --- [http-nio-8081-exec-3] org.apache.shiro.realm.AuthorizingRealm  : No cache or cacheManager properties have been set.  Authorization cache cannot be obtained.
2018-01-24 11:06:40.416  INFO 10892 --- [http-nio-8081-exec-3] org.apache.shiro.realm.AuthorizingRealm  : No cache or cacheManager properties have been set.  Authorization cache cannot be obtained.
2018-01-24 11:06:40.416  INFO 10892 --- [http-nio-8081-exec-3] org.apache.shiro.realm.AuthorizingRealm  : No cache or cacheManager properties have been set.  Authorization cache cannot be obtained.
2018-01-24 11:06:40.416  INFO 10892 --- [http-nio-8081-exec-3] org.apache.shiro.realm.AuthorizingRealm  : No cache or cacheManager properties have been set.  Authorization cache cannot be obtained.
2018-01-24 11:06:40.416  INFO 10892 --- [http-nio-8081-exec-3] org.apache.shiro.realm.AuthorizingRealm  : No cache or cacheManager properties have been set.  Authorization cache cannot be obtained.
2018-01-24 11:06:40.566  INFO 10892 --- [http-nio-8081-exec-5] org.apache.shiro.realm.AuthorizingRealm  : No cache or cacheManager properties have been set.  Authorization cache cannot be obtained.
2018-01-24 11:06:40.567  INFO 10892 --- [http-nio-8081-exec-5] net.sf.json.JSONObject                   : Property 'queryDate' of class org.great.web.bean.sys.User has no read method. SKIPPED
2018-01-24 11:06:40.568  INFO 10892 --- [http-nio-8081-exec-5] net.sf.json.JSONObject                   : Property 'pageInfo' of class org.great.web.bean.sys.User has no read method. SKIPPED
2018-01-24 11:06:40.570  INFO 10892 --- [http-nio-8081-exec-5] net.sf.json.JSONObject                   : Property 'permlist' of class org.great.web.bean.sys.User has no write method. SKIPPED.
2018-01-24 11:06:41.680  INFO 10892 --- [http-nio-8081-exec-6] org.apache.shiro.realm.AuthorizingRealm  : No cache or cacheManager properties have been set.  Authorization cache cannot be obtained.
2018-01-24 11:06:41.688 ERROR 10892 --- [http-nio-8081-exec-6] org.apache.velocity                      : ResourceManager : unable to find resource 'newjsp/sys/role-list.vm' in any resource loader.
2018-01-24 11:06:41.696  INFO 10892 --- [http-nio-8081-exec-6] org.apache.shiro.realm.AuthorizingRealm  : No cache or cacheManager properties have been set.  Authorization cache cannot be obtained.
2018-01-24 11:06:41.700  INFO 10892 --- [http-nio-8081-exec-6] org.apache.shiro.realm.AuthorizingRealm  : No cache or cacheManager properties have been set.  Authorization cache cannot be obtained.
2018-01-24 11:06:41.701  INFO 10892 --- [http-nio-8081-exec-6] org.apache.shiro.realm.AuthorizingRealm  : No cache or cacheManager properties have been set.  Authorization cache cannot be obtained.
2018-01-24 11:06:41.702  INFO 10892 --- [http-nio-8081-exec-6] org.apache.shiro.realm.AuthorizingRealm  : No cache or cacheManager properties have been set.  Authorization cache cannot be obtained.
2018-01-24 11:06:41.825  INFO 10892 --- [http-nio-8081-exec-7] org.apache.shiro.realm.AuthorizingRealm  : No cache or cacheManager properties have been set.  Authorization cache cannot be obtained.
2018-01-24 11:06:41.826  INFO 10892 --- [http-nio-8081-exec-7] net.sf.json.JSONObject                   : Property 'pageInfo' of class org.great.web.bean.sys.SysRole has no read method. SKIPPED
2018-01-24 11:06:41.826  INFO 10892 --- [http-nio-8081-exec-7] net.sf.json.JSONObject                   : Property 'queryDate' of class org.great.web.bean.sys.SysRole has no read method. SKIPPED
2018-01-24 11:08:40.597  INFO 11880 --- [main] org.great.App                            : Starting App on USER-20170315SP with PID 11880 (G:\myecplise\personal\target\classes started by Administrator in G:\myecplise\personal)
2018-01-24 11:08:40.648  INFO 11880 --- [main] org.great.App                            : No active profile set, falling back to default profiles: default
2018-01-24 11:08:42.872  INFO 11880 --- [main] o.g.d.DynamicDataSourceRegister          : Dynamic DataSource Registry
2018-01-24 11:08:48.103  INFO 11880 --- [main] o.apache.catalina.core.StandardService   : Starting service Tomcat
2018-01-24 11:08:48.109  INFO 11880 --- [main] org.apache.catalina.core.StandardEngine  : Starting Servlet Engine: Apache Tomcat/8.5.5
2018-01-24 11:08:48.911  INFO 11880 --- [localhost-startStop-1] org.apache.jasper.servlet.TldScanner     : At least one JAR was scanned for TLDs yet contained no TLDs. Enable debug logging for this logger for a complete list of JARs that were scanned but no TLDs were found in them. Skipping unneeded JARs during scanning can improve startup time and JSP compilation time.
2018-01-24 11:08:48.987  INFO 11880 --- [localhost-startStop-1] o.a.c.c.C.[.[localhost].[/PersonTool]    : Initializing Spring embedded WebApplicationContext
2018-01-24 11:08:50.162  INFO 11880 --- [main] o.hibernate.jpa.internal.util.LogHelper  : HHH000204: Processing PersistenceUnitInfo [
	name: default
	...]
2018-01-24 11:08:50.397  INFO 11880 --- [main] org.hibernate.Version                    : HHH000412: Hibernate Core {5.0.11.Final}
2018-01-24 11:08:50.401  INFO 11880 --- [main] org.hibernate.cfg.Environment            : HHH000206: hibernate.properties not found
2018-01-24 11:08:50.405  INFO 11880 --- [main] org.hibernate.cfg.Environment            : HHH000021: Bytecode provider name : javassist
2018-01-24 11:08:50.558  INFO 11880 --- [main] o.hibernate.annotations.common.Version   : HCANN000001: Hibernate Commons Annotations {5.0.1.Final}
2018-01-24 11:08:51.549  INFO 11880 --- [main] org.hibernate.dialect.Dialect            : HHH000400: Using dialect: org.hibernate.dialect.MySQL5Dialect
2018-01-24 11:08:51.945  INFO 11880 --- [main] org.hibernate.tool.hbm2ddl.SchemaUpdate  : HHH000228: Running hbm2ddl schema update
2018-01-24 11:08:53.324  INFO 11880 --- [main] org.great.cache.RedisConfig              : init JredisPool ...
2018-01-24 11:08:53.373  WARN 11880 --- [main] f.a.AutowiredAnnotationBeanPostProcessor : Autowired annotation is not supported on static fields: protected static java.util.Map org.great.web.controller.test.FileUpload2.map
2018-01-24 11:08:57.835  WARN 11880 --- [main] o.s.b.a.f.FreeMarkerAutoConfiguration    : Cannot find template location(s): [classpath:/templates/] (please add some templates, check your FreeMarker configuration, or set spring.freemarker.checkTemplateLocation=false)
2018-01-24 11:08:58.613  WARN 11880 --- [main] o.s.b.a.v.VelocityAutoConfiguration      : Cannot find template location: classpath:/templates/ (please add some templates, check your Velocity configuration, or set spring.velocity.checkTemplateLocation=false)
2018-01-24 11:08:58.705  WARN 11880 --- [main] arterDeprecationWarningAutoConfiguration : spring-boot-starter-redis is deprecated as of Spring Boot 1.4, please migrate to spring-boot-starter-data-redis
2018-01-24 11:08:59.145  INFO 11880 --- [main] org.great.App                            : Started App in 19.566 seconds (JVM running for 21.278)
2018-01-24 11:09:14.761  INFO 11880 --- [http-nio-8081-exec-1] o.apache.tomcat.util.http.parser.Cookie  : A cookie header was received [1516063020,1516151448,1516755645; Hm_lpvt_82116c626a8d504a5c0675073362ef6f=1516755775; zansan=12345678] that contained an invalid cookie. That cookie will be ignored.Note: further occurrences of this error will be logged at DEBUG level.
2018-01-24 11:09:14.779  INFO 11880 --- [http-nio-8081-exec-1] o.a.c.c.C.[.[localhost].[/PersonTool]    : Initializing Spring FrameworkServlet 'dispatcherServlet'
2018-01-24 11:09:15.175 ERROR 11880 --- [http-nio-8081-exec-2] org.apache.velocity                      : ResourceManager : unable to find resource 'newjsp/login.vm' in any resource loader.
2018-01-24 11:09:16.667  INFO 11880 --- [http-nio-8081-exec-3] net.sf.json.JSONObject                   : Property 'queryDate' of class org.great.web.bean.sys.User has no read method. SKIPPED
2018-01-24 11:09:16.667  INFO 11880 --- [http-nio-8081-exec-3] net.sf.json.JSONObject                   : Property 'pageInfo' of class org.great.web.bean.sys.User has no read method. SKIPPED
2018-01-24 11:09:16.688  INFO 11880 --- [http-nio-8081-exec-3] net.sf.json.JSONObject                   : Property 'permlist' of class org.great.web.bean.sys.User has no write method. SKIPPED.
2018-01-24 11:09:16.752  INFO 11880 --- [http-nio-8081-exec-3] org.great.web.controller.BaseContoller   : 对用户[]进行登录验证..验证开始
2018-01-24 11:09:16.877  INFO 11880 --- [http-nio-8081-exec-3] org.great.web.controller.BaseContoller   : 对用户[]进行登录验证..验证通过
2018-01-24 11:09:16.878  INFO 11880 --- [http-nio-8081-exec-3] org.great.web.controller.BaseContoller   : 用户[]登录认证通过(这里可以进行一些认证通过后的一些系统参数初始化操作)
2018-01-24 11:09:16.988 ERROR 11880 --- [http-nio-8081-exec-4] org.apache.velocity                      : ResourceManager : unable to find resource 'newjsp/main.vm' in any resource loader.
2018-01-24 11:09:17.469  INFO 11880 --- [http-nio-8081-exec-5] org.apache.shiro.realm.AuthorizingRealm  : No cache or cacheManager properties have been set.  Authorization cache cannot be obtained.
2018-01-24 11:09:17.573 ERROR 11880 --- [http-nio-8081-exec-5] org.apache.velocity                      : ResourceManager : unable to find resource 'jsp/weberror/weberror.vm' in any resource loader.
2018-01-24 11:09:20.280  INFO 11880 --- [http-nio-8081-exec-7] org.apache.shiro.realm.AuthorizingRealm  : No cache or cacheManager properties have been set.  Authorization cache cannot be obtained.
2018-01-24 11:09:20.332 ERROR 11880 --- [http-nio-8081-exec-7] org.apache.velocity                      : ResourceManager : unable to find resource 'newjsp/buz/linkman-list.vm' in any resource loader.
2018-01-24 11:09:20.544  INFO 11880 --- [http-nio-8081-exec-7] org.apache.shiro.realm.AuthorizingRealm  : No cache or cacheManager properties have been set.  Authorization cache cannot be obtained.
2018-01-24 11:09:20.544  INFO 11880 --- [http-nio-8081-exec-7] org.apache.shiro.realm.AuthorizingRealm  : No cache or cacheManager properties have been set.  Authorization cache cannot be obtained.
2018-01-24 11:09:20.544  INFO 11880 --- [http-nio-8081-exec-7] org.apache.shiro.realm.AuthorizingRealm  : No cache or cacheManager properties have been set.  Authorization cache cannot be obtained.
2018-01-24 11:09:20.545  INFO 11880 --- [http-nio-8081-exec-7] org.apache.shiro.realm.AuthorizingRealm  : No cache or cacheManager properties have been set.  Authorization cache cannot be obtained.
2018-01-24 11:09:20.953  INFO 11880 --- [http-nio-8081-exec-9] org.apache.shiro.realm.AuthorizingRealm  : No cache or cacheManager properties have been set.  Authorization cache cannot be obtained.
2018-01-24 11:10:34.224  INFO 11448 --- [main] org.great.App                            : Starting App on USER-20170315SP with PID 11448 (G:\myecplise\personal\target\classes started by Administrator in G:\myecplise\personal)
2018-01-24 11:10:34.250  INFO 11448 --- [main] org.great.App                            : No active profile set, falling back to default profiles: default
2018-01-24 11:10:35.980  INFO 11448 --- [main] o.g.d.DynamicDataSourceRegister          : Dynamic DataSource Registry
2018-01-24 11:10:40.813  INFO 11448 --- [main] o.apache.catalina.core.StandardService   : Starting service Tomcat
2018-01-24 11:10:40.815  INFO 11448 --- [main] org.apache.catalina.core.StandardEngine  : Starting Servlet Engine: Apache Tomcat/8.5.5
2018-01-24 11:10:41.289  INFO 11448 --- [localhost-startStop-1] org.apache.jasper.servlet.TldScanner     : At least one JAR was scanned for TLDs yet contained no TLDs. Enable debug logging for this logger for a complete list of JARs that were scanned but no TLDs were found in them. Skipping unneeded JARs during scanning can improve startup time and JSP compilation time.
2018-01-24 11:10:41.298  INFO 11448 --- [localhost-startStop-1] o.a.c.c.C.[.[localhost].[/PersonTool]    : Initializing Spring embedded WebApplicationContext
2018-01-24 11:10:42.293  INFO 11448 --- [main] o.hibernate.jpa.internal.util.LogHelper  : HHH000204: Processing PersistenceUnitInfo [
	name: default
	...]
2018-01-24 11:10:42.390  INFO 11448 --- [main] org.hibernate.Version                    : HHH000412: Hibernate Core {5.0.11.Final}
2018-01-24 11:10:42.391  INFO 11448 --- [main] org.hibernate.cfg.Environment            : HHH000206: hibernate.properties not found
2018-01-24 11:10:42.393  INFO 11448 --- [main] org.hibernate.cfg.Environment            : HHH000021: Bytecode provider name : javassist
2018-01-24 11:10:42.433  INFO 11448 --- [main] o.hibernate.annotations.common.Version   : HCANN000001: Hibernate Commons Annotations {5.0.1.Final}
2018-01-24 11:10:43.003  INFO 11448 --- [main] org.hibernate.dialect.Dialect            : HHH000400: Using dialect: org.hibernate.dialect.MySQL5Dialect
2018-01-24 11:10:43.292  INFO 11448 --- [main] org.hibernate.tool.hbm2ddl.SchemaUpdate  : HHH000228: Running hbm2ddl schema update
2018-01-24 11:10:44.543  INFO 11448 --- [main] org.great.cache.RedisConfig              : init JredisPool ...
2018-01-24 11:10:44.572  WARN 11448 --- [main] f.a.AutowiredAnnotationBeanPostProcessor : Autowired annotation is not supported on static fields: protected static java.util.Map org.great.web.controller.test.FileUpload2.map
2018-01-24 11:10:49.264  WARN 11448 --- [main] o.s.b.a.f.FreeMarkerAutoConfiguration    : Cannot find template location(s): [classpath:/templates/] (please add some templates, check your FreeMarker configuration, or set spring.freemarker.checkTemplateLocation=false)
2018-01-24 11:10:50.046  WARN 11448 --- [main] o.s.b.a.v.VelocityAutoConfiguration      : Cannot find template location: classpath:/templates/ (please add some templates, check your Velocity configuration, or set spring.velocity.checkTemplateLocation=false)
2018-01-24 11:10:50.154  WARN 11448 --- [main] arterDeprecationWarningAutoConfiguration : spring-boot-starter-redis is deprecated as of Spring Boot 1.4, please migrate to spring-boot-starter-data-redis
2018-01-24 11:10:50.541  INFO 11448 --- [main] org.great.App                            : Started App in 16.826 seconds (JVM running for 17.407)
2018-01-24 11:12:08.071  INFO 11448 --- [http-nio-8081-exec-1] o.apache.tomcat.util.http.parser.Cookie  : A cookie header was received [1516063020,1516151448,1516755645; Hm_lpvt_82116c626a8d504a5c0675073362ef6f=1516755775; zansan=12345678] that contained an invalid cookie. That cookie will be ignored.Note: further occurrences of this error will be logged at DEBUG level.
2018-01-24 11:12:08.079  INFO 11448 --- [http-nio-8081-exec-1] o.a.c.c.C.[.[localhost].[/PersonTool]    : Initializing Spring FrameworkServlet 'dispatcherServlet'
2018-01-24 11:12:08.703 ERROR 11448 --- [http-nio-8081-exec-2] org.apache.velocity                      : ResourceManager : unable to find resource 'newjsp/login.vm' in any resource loader.
2018-01-24 11:12:09.932  INFO 11448 --- [http-nio-8081-exec-3] net.sf.json.JSONObject                   : Property 'queryDate' of class org.great.web.bean.sys.User has no read method. SKIPPED
2018-01-24 11:12:09.933  INFO 11448 --- [http-nio-8081-exec-3] net.sf.json.JSONObject                   : Property 'pageInfo' of class org.great.web.bean.sys.User has no read method. SKIPPED
2018-01-24 11:12:09.943  INFO 11448 --- [http-nio-8081-exec-3] net.sf.json.JSONObject                   : Property 'permlist' of class org.great.web.bean.sys.User has no write method. SKIPPED.
2018-01-24 11:12:09.986  INFO 11448 --- [http-nio-8081-exec-3] org.great.web.controller.BaseContoller   : 对用户[]进行登录验证..验证开始
2018-01-24 11:12:10.180  INFO 11448 --- [http-nio-8081-exec-3] org.great.web.controller.BaseContoller   : 对用户[]进行登录验证..验证通过
2018-01-24 11:12:10.181  INFO 11448 --- [http-nio-8081-exec-3] org.great.web.controller.BaseContoller   : 用户[]登录认证通过(这里可以进行一些认证通过后的一些系统参数初始化操作)
2018-01-24 11:12:10.276 ERROR 11448 --- [http-nio-8081-exec-4] org.apache.velocity                      : ResourceManager : unable to find resource 'newjsp/main.vm' in any resource loader.
2018-01-24 11:12:10.826  INFO 11448 --- [http-nio-8081-exec-5] org.apache.shiro.realm.AuthorizingRealm  : No cache or cacheManager properties have been set.  Authorization cache cannot be obtained.
2018-01-24 11:12:10.872 ERROR 11448 --- [http-nio-8081-exec-5] org.apache.velocity                      : ResourceManager : unable to find resource 'jsp/weberror/weberror.vm' in any resource loader.
2018-01-24 11:12:12.960  INFO 11448 --- [http-nio-8081-exec-7] org.apache.shiro.realm.AuthorizingRealm  : No cache or cacheManager properties have been set.  Authorization cache cannot be obtained.
2018-01-24 11:12:13.011 ERROR 11448 --- [http-nio-8081-exec-7] org.apache.velocity                      : ResourceManager : unable to find resource 'newjsp/buz/linkman-list.vm' in any resource loader.
2018-01-24 11:12:13.192  INFO 11448 --- [http-nio-8081-exec-7] org.apache.shiro.realm.AuthorizingRealm  : No cache or cacheManager properties have been set.  Authorization cache cannot be obtained.
2018-01-24 11:12:13.193  INFO 11448 --- [http-nio-8081-exec-7] org.apache.shiro.realm.AuthorizingRealm  : No cache or cacheManager properties have been set.  Authorization cache cannot be obtained.
2018-01-24 11:12:13.193  INFO 11448 --- [http-nio-8081-exec-7] org.apache.shiro.realm.AuthorizingRealm  : No cache or cacheManager properties have been set.  Authorization cache cannot be obtained.
2018-01-24 11:12:13.193  INFO 11448 --- [http-nio-8081-exec-7] org.apache.shiro.realm.AuthorizingRealm  : No cache or cacheManager properties have been set.  Authorization cache cannot be obtained.
2018-01-24 11:12:13.573  INFO 11448 --- [http-nio-8081-exec-9] org.apache.shiro.realm.AuthorizingRealm  : No cache or cacheManager properties have been set.  Authorization cache cannot be obtained.
2018-01-24 11:12:20.253  INFO 11448 --- [http-nio-8081-exec-10] org.apache.shiro.realm.AuthorizingRealm  : No cache or cacheManager properties have been set.  Authorization cache cannot be obtained.
